0 info it worked if it ends with ok
1 verbose cli [ '/usr/local/bin/node',
1 verbose cli   '/usr/local/bin/npm',
1 verbose cli   'install',
1 verbose cli   'rails' ]
2 info using npm@1.3.24
3 info using node@v0.10.25
4 warn package.json logger@0.0.1 No repository field.
5 verbose cache add [ 'rails', null ]
6 verbose cache add name=undefined spec="rails" args=["rails",null]
7 verbose parsed url { protocol: null,
7 verbose parsed url   slashes: null,
7 verbose parsed url   auth: null,
7 verbose parsed url   host: null,
7 verbose parsed url   port: null,
7 verbose parsed url   hostname: null,
7 verbose parsed url   hash: null,
7 verbose parsed url   search: null,
7 verbose parsed url   query: null,
7 verbose parsed url   pathname: 'rails',
7 verbose parsed url   path: 'rails',
7 verbose parsed url   href: 'rails' }
8 silly lockFile 79fdb82a-rails rails
9 verbose lock rails /home/massimo/.npm/79fdb82a-rails.lock
10 silly lockFile 79fdb82a-rails rails
11 silly lockFile 79fdb82a-rails rails
12 verbose addNamed [ 'rails', '' ]
13 verbose addNamed [ null, '*' ]
14 silly lockFile 39038075-rails rails@
15 verbose lock rails@ /home/massimo/.npm/39038075-rails.lock
16 silly addNameRange { name: 'rails', range: '*', hasData: false }
17 verbose url raw rails
18 verbose url resolving [ 'https://registry.npmjs.org/', './rails' ]
19 verbose url resolved https://registry.npmjs.org/rails
20 info trying registry request attempt 1 at 14:57:34
21 http GET https://registry.npmjs.org/rails
22 http 200 https://registry.npmjs.org/rails
23 silly registry.get cb [ 200,
23 silly registry.get   { server: 'CouchDB/1.5.0 (Erlang OTP/R16B03)',
23 silly registry.get     etag: '"BS9CL5ROO5LLAZRBFN739SMNE"',
23 silly registry.get     'content-type': 'application/json',
23 silly registry.get     'cache-control': 'max-age=60',
23 silly registry.get     'content-length': '9759',
23 silly registry.get     'accept-ranges': 'bytes',
23 silly registry.get     date: 'Sun, 02 Aug 2015 13:57:35 GMT',
23 silly registry.get     via: '1.1 varnish',
23 silly registry.get     age: '0',
23 silly registry.get     connection: 'keep-alive',
23 silly registry.get     'x-served-by': 'cache-lcy1120-LCY',
23 silly registry.get     'x-cache': 'MISS',
23 silly registry.get     'x-cache-hits': '0',
23 silly registry.get     'x-timer': 'S1438523855.586357,VS0,VE378',
23 silly registry.get     vary: 'Accept' } ]
24 silly addNameRange number 2 { name: 'rails', range: '*', hasData: true }
25 silly addNameRange versions [ 'rails', [ '4.1.0-beta' ] ]
26 verbose addNamed [ 'rails', '4.1.0-beta' ]
27 verbose addNamed [ '4.1.0-beta', '4.1.0-beta' ]
28 silly lockFile cad553ee-rails-4-1-0-beta rails@4.1.0-beta
29 verbose lock rails@4.1.0-beta /home/massimo/.npm/cad553ee-rails-4-1-0-beta.lock
30 silly lockFile 2f8e42f3-s-org-rails-rails-4-1-0-beta-tgz https://registry.npmjs.org/rails/-/rails-4.1.0-beta.tgz
31 verbose lock https://registry.npmjs.org/rails/-/rails-4.1.0-beta.tgz /home/massimo/.npm/2f8e42f3-s-org-rails-rails-4-1-0-beta-tgz.lock
32 verbose addRemoteTarball [ 'https://registry.npmjs.org/rails/-/rails-4.1.0-beta.tgz',
32 verbose addRemoteTarball   '9eb5552e380e7ad3aaacd1e453e80bdc2566adc4' ]
33 info retry fetch attempt 1 at 14:57:35
34 verbose fetch to= /home/massimo/tmp/npm-13923-IAptbJwW/1438523855950-0.9572916610632092/tmp.tgz
35 http GET https://registry.npmjs.org/rails/-/rails-4.1.0-beta.tgz
36 http 200 https://registry.npmjs.org/rails/-/rails-4.1.0-beta.tgz
37 silly lockFile 2f8e42f3-s-org-rails-rails-4-1-0-beta-tgz https://registry.npmjs.org/rails/-/rails-4.1.0-beta.tgz
38 silly lockFile 2f8e42f3-s-org-rails-rails-4-1-0-beta-tgz https://registry.npmjs.org/rails/-/rails-4.1.0-beta.tgz
39 silly lockFile cad553ee-rails-4-1-0-beta rails@4.1.0-beta
40 silly lockFile cad553ee-rails-4-1-0-beta rails@4.1.0-beta
41 silly lockFile 39038075-rails rails@
42 silly lockFile 39038075-rails rails@
43 error Error: shasum check failed for /home/massimo/tmp/npm-13923-IAptbJwW/1438523855950-0.9572916610632092/tmp.tgz
43 error Expected: 9eb5552e380e7ad3aaacd1e453e80bdc2566adc4
43 error Actual:   7c6781caa4c55e5ce1783c450b8d494c6093d5c0
43 error From:     https://registry.npmjs.org/rails/-/rails-4.1.0-beta.tgz
43 error     at /usr/local/lib/node_modules/npm/node_modules/sha/index.js:38:8
43 error     at ReadStream.<anonymous> (/usr/local/lib/node_modules/npm/node_modules/sha/index.js:85:7)
43 error     at ReadStream.EventEmitter.emit (events.js:117:20)
43 error     at _stream_readable.js:920:16
43 error     at process._tickCallback (node.js:415:13)
44 error If you need help, you may report this *entire* log,
44 error including the npm and node versions, at:
44 error     <http://github.com/isaacs/npm/issues>
45 error System Linux 3.11.0-26-generic
46 error command "/usr/local/bin/node" "/usr/local/bin/npm" "install" "rails"
47 error cwd /home/massimo/Desktop/jekyll_templates/dbyll-master
48 error node -v v0.10.25
49 error npm -v 1.3.24
50 verbose exit [ 1, true ]
